[debug] [2018-01-31T16:17:46.849Z] ----------------------------------------------------------------------
[debug] [2018-01-31T16:17:46.854Z] Command:       /usr/local/bin/node /usr/local/bin/firebase init
[debug] [2018-01-31T16:17:46.854Z] CLI Version:   3.17.4
[debug] [2018-01-31T16:17:46.854Z] Platform:      darwin
[debug] [2018-01-31T16:17:46.854Z] Node Version:  v8.6.0
[debug] [2018-01-31T16:17:46.856Z] Time:          Wed Jan 31 2018 21:47:46 GMT+0530 (IST)
[debug] [2018-01-31T16:17:46.856Z] ----------------------------------------------------------------------
[debug] 
[debug] [2018-01-31T16:17:46.869Z] > command requires scopes: ["email","openid","https://www.googleapis.com/auth/cloudplatformprojects.readonly","https://www.googleapis.com/auth/firebase"]
[debug] [2018-01-31T16:17:46.869Z] > authorizing via signed-in user
[info] 
     🔥🔥🔥🔥🔥🔥🔥🔥 🔥🔥🔥🔥 🔥🔥🔥🔥🔥🔥🔥🔥  🔥🔥🔥🔥🔥🔥🔥🔥 🔥🔥🔥🔥🔥🔥🔥🔥     🔥🔥🔥     🔥🔥🔥🔥🔥🔥  🔥🔥🔥🔥🔥🔥🔥🔥
     🔥🔥        🔥🔥  🔥🔥     🔥🔥 🔥🔥       🔥🔥     🔥🔥  🔥🔥   🔥🔥  🔥🔥       🔥🔥
     🔥🔥🔥🔥🔥🔥    🔥🔥  🔥🔥🔥🔥🔥🔥🔥🔥  🔥🔥🔥🔥🔥🔥   🔥🔥🔥🔥🔥🔥🔥🔥  🔥🔥🔥🔥🔥🔥🔥🔥🔥  🔥🔥🔥🔥🔥🔥  🔥🔥🔥🔥🔥🔥
     🔥🔥        🔥🔥  🔥🔥    🔥🔥  🔥🔥       🔥🔥     🔥🔥 🔥🔥     🔥🔥       🔥🔥 🔥🔥
     🔥🔥       🔥🔥🔥🔥 🔥🔥     🔥🔥 🔥🔥🔥🔥🔥🔥🔥🔥 🔥🔥🔥🔥🔥🔥🔥🔥  🔥🔥     🔥🔥  🔥🔥🔥🔥🔥🔥  🔥🔥🔥🔥🔥🔥🔥🔥

You're about to initialize a Firebase project in this directory:

  /Users/user/projects/ng4fbbootstrap

Before we get started, keep in mind:

  * You are initializing in an existing Firebase project directory

[info] 
=== Project Setup
[info] 
[info] First, let's associate this project directory with a Firebase project.
[info] You can create multiple project aliases by running firebase use --add, 
[info] but for now we'll just set up a default project.
[info] 
[debug] [2018-01-31T16:17:53.346Z] > refreshing access token with scopes: ["email","https://www.googleapis.com/auth/cloudplatformprojects.readonly","https://www.googleapis.com/auth/firebase","openid"]
[debug] [2018-01-31T16:17:53.347Z] >>> HTTP REQUEST POST https://www.googleapis.com/oauth2/v3/token  
 { refresh_token: '1/_2Qp-BwkzaE-iXyqmgoMsadUiFecs3zd7NyFfhaOVfg',
  client_id: '563584335869-fgrhgmd47bqnekij5i8b5pr03ho849e6.apps.googleusercontent.com',
  client_secret: 'j9iVZfS8kkCEFUPaAeJV0sAi',
  grant_type: 'refresh_token',
  scope: 'email https://www.googleapis.com/auth/cloudplatformprojects.readonly https://www.googleapis.com/auth/firebase openid' } 
 Wed Jan 31 2018 21:47:53 GMT+0530 (IST)
[debug] [2018-01-31T16:17:53.633Z] <<< HTTP RESPONSE 200
[debug] [2018-01-31T16:17:53.649Z] >>> HTTP REQUEST GET https://admin.firebase.com/v1/projects  
  
 Wed Jan 31 2018 21:47:53 GMT+0530 (IST)
[debug] [2018-01-31T16:17:54.926Z] Error: getaddrinfo ENOTFOUND admin.firebase.com admin.firebase.com:443
    at errnoException (dns.js:53:10)
    at GetAddrInfoReqWrap.onlookup [as oncomplete] (dns.js:95:26)
[error] 
[error] Error: Server Error. getaddrinfo ENOTFOUND admin.firebase.com admin.firebase.com:443
[debug] [2018-01-31T16:17:58.200Z] ----------------------------------------------------------------------
[debug] [2018-01-31T16:17:58.202Z] Command:       /usr/local/bin/node /usr/local/bin/firebase init
[debug] [2018-01-31T16:17:58.202Z] CLI Version:   3.17.4
[debug] [2018-01-31T16:17:58.203Z] Platform:      darwin
[debug] [2018-01-31T16:17:58.203Z] Node Version:  v8.6.0
[debug] [2018-01-31T16:17:58.203Z] Time:          Wed Jan 31 2018 21:47:58 GMT+0530 (IST)
[debug] [2018-01-31T16:17:58.203Z] ----------------------------------------------------------------------
[debug] 
[debug] [2018-01-31T16:17:58.214Z] > command requires scopes: ["email","openid","https://www.googleapis.com/auth/cloudplatformprojects.readonly","https://www.googleapis.com/auth/firebase"]
[debug] [2018-01-31T16:17:58.214Z] > authorizing via signed-in user
[info] 
     🔥🔥🔥🔥🔥🔥🔥🔥 🔥🔥🔥🔥 🔥🔥🔥🔥🔥🔥🔥🔥  🔥🔥🔥🔥🔥🔥🔥🔥 🔥🔥🔥🔥🔥🔥🔥🔥     🔥🔥🔥     🔥🔥🔥🔥🔥🔥  🔥🔥🔥🔥🔥🔥🔥🔥
     🔥🔥        🔥🔥  🔥🔥     🔥🔥 🔥🔥       🔥🔥     🔥🔥  🔥🔥   🔥🔥  🔥🔥       🔥🔥
     🔥🔥🔥🔥🔥🔥    🔥🔥  🔥🔥🔥🔥🔥🔥🔥🔥  🔥🔥🔥🔥🔥🔥   🔥🔥🔥🔥🔥🔥🔥🔥  🔥🔥🔥🔥🔥🔥🔥🔥🔥  🔥🔥🔥🔥🔥🔥  🔥🔥🔥🔥🔥🔥
     🔥🔥        🔥🔥  🔥🔥    🔥🔥  🔥🔥       🔥🔥     🔥🔥 🔥🔥     🔥🔥       🔥🔥 🔥🔥
     🔥🔥       🔥🔥🔥🔥 🔥🔥     🔥🔥 🔥🔥🔥🔥🔥🔥🔥🔥 🔥🔥🔥🔥🔥🔥🔥🔥  🔥🔥     🔥🔥  🔥🔥🔥🔥🔥🔥  🔥🔥🔥🔥🔥🔥🔥🔥

You're about to initialize a Firebase project in this directory:

  /Users/user/projects/ng4fbbootstrap

Before we get started, keep in mind:

  * You are initializing in an existing Firebase project directory

[info] 
=== Project Setup
[info] 
[info] First, let's associate this project directory with a Firebase project.
[info] You can create multiple project aliases by running firebase use --add, 
[info] but for now we'll just set up a default project.
[info] 
[debug] [2018-01-31T16:18:00.462Z] >>> HTTP REQUEST GET https://admin.firebase.com/v1/projects  
  
 Wed Jan 31 2018 21:48:00 GMT+0530 (IST)
[debug] [2018-01-31T16:18:00.756Z] Error: getaddrinfo ENOTFOUND admin.firebase.com admin.firebase.com:443
    at errnoException (dns.js:53:10)
    at GetAddrInfoReqWrap.onlookup [as oncomplete] (dns.js:95:26)
[error] 
[error] Error: Server Error. getaddrinfo ENOTFOUND admin.firebase.com admin.firebase.com:443
[debug] [2018-01-31T16:18:09.506Z] ----------------------------------------------------------------------
[debug] [2018-01-31T16:18:09.509Z] Command:       /usr/local/bin/node /usr/local/bin/firebase init
[debug] [2018-01-31T16:18:09.509Z] CLI Version:   3.17.4
[debug] [2018-01-31T16:18:09.509Z] Platform:      darwin
[debug] [2018-01-31T16:18:09.509Z] Node Version:  v8.6.0
[debug] [2018-01-31T16:18:09.509Z] Time:          Wed Jan 31 2018 21:48:09 GMT+0530 (IST)
[debug] [2018-01-31T16:18:09.509Z] ----------------------------------------------------------------------
[debug] 
[debug] [2018-01-31T16:18:09.521Z] > command requires scopes: ["email","openid","https://www.googleapis.com/auth/cloudplatformprojects.readonly","https://www.googleapis.com/auth/firebase"]
[debug] [2018-01-31T16:18:09.521Z] > authorizing via signed-in user
[info] 
     🔥🔥🔥🔥🔥🔥🔥🔥 🔥🔥🔥🔥 🔥🔥🔥🔥🔥🔥🔥🔥  🔥🔥🔥🔥🔥🔥🔥🔥 🔥🔥🔥🔥🔥🔥🔥🔥     🔥🔥🔥     🔥🔥🔥🔥🔥🔥  🔥🔥🔥🔥🔥🔥🔥🔥
     🔥🔥        🔥🔥  🔥🔥     🔥🔥 🔥🔥       🔥🔥     🔥🔥  🔥🔥   🔥🔥  🔥🔥       🔥🔥
     🔥🔥🔥🔥🔥🔥    🔥🔥  🔥🔥🔥🔥🔥🔥🔥🔥  🔥🔥🔥🔥🔥🔥   🔥🔥🔥🔥🔥🔥🔥🔥  🔥🔥🔥🔥🔥🔥🔥🔥🔥  🔥🔥🔥🔥🔥🔥  🔥🔥🔥🔥🔥🔥
     🔥🔥        🔥🔥  🔥🔥    🔥🔥  🔥🔥       🔥🔥     🔥🔥 🔥🔥     🔥🔥       🔥🔥 🔥🔥
     🔥🔥       🔥🔥🔥🔥 🔥🔥     🔥🔥 🔥🔥🔥🔥🔥🔥🔥🔥 🔥🔥🔥🔥🔥🔥🔥🔥  🔥🔥     🔥🔥  🔥🔥🔥🔥🔥🔥  🔥🔥🔥🔥🔥🔥🔥🔥

You're about to initialize a Firebase project in this directory:

  /Users/user/projects/ng4fbbootstrap

Before we get started, keep in mind:

  * You are initializing in an existing Firebase project directory

[info] 
=== Project Setup
[info] 
[info] First, let's associate this project directory with a Firebase project.
[info] You can create multiple project aliases by running firebase use --add, 
[info] but for now we'll just set up a default project.
[info] 
[debug] [2018-01-31T16:18:11.639Z] >>> HTTP REQUEST GET https://admin.firebase.com/v1/projects  
  
 Wed Jan 31 2018 21:48:11 GMT+0530 (IST)
[debug] [2018-01-31T16:18:11.961Z] Error: getaddrinfo ENOTFOUND admin.firebase.com admin.firebase.com:443
    at errnoException (dns.js:53:10)
    at GetAddrInfoReqWrap.onlookup [as oncomplete] (dns.js:95:26)
[error] 
[error] Error: Server Error. getaddrinfo ENOTFOUND admin.firebase.com admin.firebase.com:443
[debug] [2018-01-31T16:18:15.171Z] ----------------------------------------------------------------------
[debug] [2018-01-31T16:18:15.174Z] Command:       /usr/local/bin/node /usr/local/bin/firebase init
[debug] [2018-01-31T16:18:15.174Z] CLI Version:   3.17.4
[debug] [2018-01-31T16:18:15.174Z] Platform:      darwin
[debug] [2018-01-31T16:18:15.174Z] Node Version:  v8.6.0
[debug] [2018-01-31T16:18:15.175Z] Time:          Wed Jan 31 2018 21:48:15 GMT+0530 (IST)
[debug] [2018-01-31T16:18:15.175Z] ----------------------------------------------------------------------
[debug] 
[debug] [2018-01-31T16:18:15.186Z] > command requires scopes: ["email","openid","https://www.googleapis.com/auth/cloudplatformprojects.readonly","https://www.googleapis.com/auth/firebase"]
[debug] [2018-01-31T16:18:15.186Z] > authorizing via signed-in user
[info] 
     🔥🔥🔥🔥🔥🔥🔥🔥 🔥🔥🔥🔥 🔥🔥🔥🔥🔥🔥🔥🔥  🔥🔥🔥🔥🔥🔥🔥🔥 🔥🔥🔥🔥🔥🔥🔥🔥     🔥🔥🔥     🔥🔥🔥🔥🔥🔥  🔥🔥🔥🔥🔥🔥🔥🔥
     🔥🔥        🔥🔥  🔥🔥     🔥🔥 🔥🔥       🔥🔥     🔥🔥  🔥🔥   🔥🔥  🔥🔥       🔥🔥
     🔥🔥🔥🔥🔥🔥    🔥🔥  🔥🔥🔥🔥🔥🔥🔥🔥  🔥🔥🔥🔥🔥🔥   🔥🔥🔥🔥🔥🔥🔥🔥  🔥🔥🔥🔥🔥🔥🔥🔥🔥  🔥🔥🔥🔥🔥🔥  🔥🔥🔥🔥🔥🔥
     🔥🔥        🔥🔥  🔥🔥    🔥🔥  🔥🔥       🔥🔥     🔥🔥 🔥🔥     🔥🔥       🔥🔥 🔥🔥
     🔥🔥       🔥🔥🔥🔥 🔥🔥     🔥🔥 🔥🔥🔥🔥🔥🔥🔥🔥 🔥🔥🔥🔥🔥🔥🔥🔥  🔥🔥     🔥🔥  🔥🔥🔥🔥🔥🔥  🔥🔥🔥🔥🔥🔥🔥🔥

You're about to initialize a Firebase project in this directory:

  /Users/user/projects/ng4fbbootstrap

Before we get started, keep in mind:

  * You are initializing in an existing Firebase project directory

[info] 
=== Project Setup
[info] 
[info] First, let's associate this project directory with a Firebase project.
[info] You can create multiple project aliases by running firebase use --add, 
[info] but for now we'll just set up a default project.
[info] 
[debug] [2018-01-31T16:18:17.603Z] >>> HTTP REQUEST GET https://admin.firebase.com/v1/projects  
  
 Wed Jan 31 2018 21:48:17 GMT+0530 (IST)
[debug] [2018-01-31T16:18:17.930Z] Error: getaddrinfo ENOTFOUND admin.firebase.com admin.firebase.com:443
    at errnoException (dns.js:53:10)
    at GetAddrInfoReqWrap.onlookup [as oncomplete] (dns.js:95:26)
[error] 
[error] Error: Server Error. getaddrinfo ENOTFOUND admin.firebase.com admin.firebase.com:443
